<?xml version="1.0" encoding="UTF-8"?>
<!-- Generated by org.testng.reporters.JUnitReportReporter -->
<testsuite hostname="DESKTOP-5347VP1" failures="0" tests="2" name="TESTNG_KEYWORDS.EXPECTEDEXCEPTIONS" time="0.015" errors="0" timestamp="2023-01-20T12:34:51 IST" skipped="0">
  <testcase classname="TESTNG_KEYWORDS.EXPECTEDEXCEPTIONS" name="demo" time="0.012"/>
  <system-out/>
  <testcase classname="TESTNG_KEYWORDS.EXPECTEDEXCEPTIONS" name="infiniteforloop" time="0.003"/>
  <system-out/>
</testsuite> <!-- TESTNG_KEYWORDS.EXPECTEDEXCEPTIONS -->
