<?xml version="1.0" encoding="UTF-8"?>
<!-- Generated by org.testng.reporters.JUnitReportReporter -->
<testsuite hostname="DESKTOP-5347VP1" failures="0" tests="4" name="TESTNGPARALLELTESTING.TEST1" time="45.413" errors="0" timestamp="2023-02-04T16:27:04 IST" skipped="0">
  <testcase classname="TESTNGPARALLELTESTING.TEST1" name="Demo2" time="11.406"/>
  <system-out/>
  <testcase classname="TESTNGPARALLELTESTING.TEST1" name="Demo2" time="8.747"/>
  <system-out/>
  <testcase classname="TESTNGPARALLELTESTING.TEST1" name="Demo1" time="10.069"/>
  <system-out/>
  <testcase classname="TESTNGPARALLELTESTING.TEST1" name="Demo1" time="15.191"/>
  <system-out/>
</testsuite> <!-- TESTNGPARALLELTESTING.TEST1 -->
