<?xml version="1.0" encoding="UTF-8"?>
<!-- Generated by org.testng.reporters.JUnitReportReporter -->
<testsuite hostname="DESKTOP-5347VP1" failures="0" tests="2" name="TESTNG_KEYWORDS.KEYWORD7" time="0.018" errors="0" timestamp="2023-01-10T17:53:45 IST" skipped="0">
  <testcase classname="TESTNG_KEYWORDS.KEYWORD7" name="infiniteforloop" time="0.002"/>
  <system-out/>
  <testcase classname="TESTNG_KEYWORDS.KEYWORD7" name="demo" time="0.016"/>
  <system-out/>
</testsuite> <!-- TESTNG_KEYWORDS.KEYWORD7 -->
