<?xml version="1.0" encoding="UTF-8"?>
<!-- Generated by org.testng.reporters.JUnitReportReporter -->
<testsuite hostname="DESKTOP-5347VP1" failures="0" tests="4" name="TESTNGPARALLELTESTING.TEST2" time="89.865" errors="0" timestamp="2023-02-04T16:27:04 IST" skipped="0">
  <testcase classname="TESTNGPARALLELTESTING.TEST2" name="Link1" time="21.724"/>
  <system-out/>
  <testcase classname="TESTNGPARALLELTESTING.TEST2" name="Link" time="23.188"/>
  <system-out/>
  <testcase classname="TESTNGPARALLELTESTING.TEST2" name="Link1" time="21.767"/>
  <system-out/>
  <testcase classname="TESTNGPARALLELTESTING.TEST2" name="Link" time="23.186"/>
  <system-out/>
</testsuite> <!-- TESTNGPARALLELTESTING.TEST2 -->
