<?xml version="1.0" encoding="UTF-8"?>
<!-- Generated by org.testng.reporters.JUnitReportReporter -->
<testsuite hostname="DESKTOP-5347VP1" failures="0" tests="1" name="TESTNGASSERTION.ASSERTIONEXAMPLE3" time="0.015" errors="0" timestamp="2023-01-09T17:24:58 IST" skipped="0">
  <testcase classname="TESTNGASSERTION.ASSERTIONEXAMPLE3" name="Test" time="0.015"/>
  <system-out/>
</testsuite> <!-- TESTNGASSERTION.ASSERTIONEXAMPLE3 -->
