<?xml version="1.0" encoding="UTF-8"?>
<!-- Generated by org.testng.reporters.JUnitReportReporter -->
<testsuite hostname="DESKTOP-5347VP1" failures="0" tests="11" name="TESTNG_KEYWORDS.KEYWORD5" time="0.115" errors="0" timestamp="2023-01-10T17:53:45 IST" skipped="0">
  <testcase classname="TESTNG_KEYWORDS.KEYWORD5" name="Demo" time="0.001"/>
  <system-out/>
  <testcase classname="TESTNG_KEYWORDS.KEYWORD5" name="Demo" time="0.001"/>
  <system-out/>
  <testcase classname="TESTNG_KEYWORDS.KEYWORD5" name="Demo" time="0.001"/>
  <system-out/>
  <testcase classname="TESTNG_KEYWORDS.KEYWORD5" name="Demo" time="0.001"/>
  <system-out/>
  <testcase classname="TESTNG_KEYWORDS.KEYWORD5" name="Demo" time="0.000"/>
  <system-out/>
  <testcase classname="TESTNG_KEYWORDS.KEYWORD5" name="Demo" time="0.001"/>
  <system-out/>
  <testcase classname="TESTNG_KEYWORDS.KEYWORD5" name="Demo" time="0.001"/>
  <system-out/>
  <testcase classname="TESTNG_KEYWORDS.KEYWORD5" name="syso1" time="0.001"/>
  <system-out/>
  <testcase classname="TESTNG_KEYWORDS.KEYWORD5" name="Demo" time="0.001"/>
  <system-out/>
  <testcase classname="TESTNG_KEYWORDS.KEYWORD5" name="Demo" time="0.000"/>
  <system-out/>
  <testcase classname="TESTNG_KEYWORDS.KEYWORD5" name="Demo" time="0.107"/>
  <system-out/>
</testsuite> <!-- TESTNG_KEYWORDS.KEYWORD5 -->
