<?xml version="1.0" encoding="UTF-8"?>
<!-- Generated by org.testng.reporters.JUnitReportReporter -->
<testsuite hostname="DESKTOP-5347VP1" failures="0" tests="6" name="TESTNG_KEYWORDS.PRIORITY" time="140.615" errors="0" timestamp="2023-01-10T22:20:52 IST" skipped="0">
  <testcase classname="TESTNG_KEYWORDS.PRIORITY" name="Logo1" time="19.736"/>
  <system-out/>
  <testcase classname="TESTNG_KEYWORDS.PRIORITY" name="Test" time="30.153"/>
  <system-out/>
  <testcase classname="TESTNG_KEYWORDS.PRIORITY" name="Users" time="36.400"/>
  <system-out/>
  <testcase classname="TESTNG_KEYWORDS.PRIORITY" name="demo1" time="21.438"/>
  <system-out/>
  <testcase classname="TESTNG_KEYWORDS.PRIORITY" name="Logo3" time="13.494"/>
  <system-out/>
  <testcase classname="TESTNG_KEYWORDS.PRIORITY" name="Logo2" time="19.394"/>
  <system-out/>
</testsuite> <!-- TESTNG_KEYWORDS.PRIORITY -->
