<?xml version="1.0" encoding="UTF-8"?>
<!-- Generated by org.testng.reporters.JUnitReportReporter -->
<testsuite hostname="DESKTOP-5347VP1" failures="0" tests="3" name="TESTNG_KEYWORDS.KEYWORD" time="61.569" errors="0" timestamp="2023-01-03T15:48:15 IST" skipped="0">
  <testcase classname="TESTNG_KEYWORDS.KEYWORD" name="Users" time="13.081"/>
  <system-out/>
  <testcase classname="TESTNG_KEYWORDS.KEYWORD" name="Demo1" time="15.181"/>
  <system-out/>
  <testcase classname="TESTNG_KEYWORDS.KEYWORD" name="Test" time="33.307"/>
  <system-out/>
</testsuite> <!-- TESTNG_KEYWORDS.KEYWORD -->
