<?xml version="1.0" encoding="UTF-8"?>
<!-- Generated by org.testng.reporters.JUnitReportReporter -->
<testsuite hostname="DESKTOP-5347VP1" failures="0" tests="4" name="TESTNGDATAPROVIDER.DATAPROVIDER2" time="36.725" errors="0" timestamp="2023-01-09T12:02:53 IST" skipped="0">
  <testcase classname="TESTNGDATAPROVIDER.DATAPROVIDER2" name="nopcommerceLoginTest" time="9.542"/>
  <system-out/>
  <testcase classname="TESTNGDATAPROVIDER.DATAPROVIDER2" name="nopcommerceLoginTest" time="12.821"/>
  <system-out/>
  <testcase classname="TESTNGDATAPROVIDER.DATAPROVIDER2" name="nopcommerceLoginTest" time="8.568"/>
  <system-out/>
  <testcase classname="TESTNGDATAPROVIDER.DATAPROVIDER2" name="nopcommerceLoginTest" time="5.794"/>
  <system-out/>
</testsuite> <!-- TESTNGDATAPROVIDER.DATAPROVIDER2 -->
