<?xml version="1.0" encoding="UTF-8"?>
<!-- Generated by org.testng.reporters.JUnitReportReporter -->
<testsuite hostname="DESKTOP-5347VP1" failures="0" tests="2" name="TESTNGCROSSBROWSERTESTING.TESTCROSS" time="134.077" errors="0" timestamp="2023-01-13T16:19:12 IST" skipped="0">
  <testcase classname="TESTNGCROSSBROWSERTESTING.TESTCROSS" name="facebook" time="66.270"/>
  <system-out/>
  <testcase classname="TESTNGCROSSBROWSERTESTING.TESTCROSS" name="facebook" time="67.807"/>
  <system-out/>
</testsuite> <!-- TESTNGCROSSBROWSERTESTING.TESTCROSS -->
