<?xml version="1.0" encoding="UTF-8"?>
<!-- Generated by org.testng.reporters.JUnitReportReporter -->
<testsuite hostname="DESKTOP-5347VP1" failures="0" tests="2" name="TESTNGPARALLELTESTING.MULTIPLETESTCASES" time="13.883" errors="0" timestamp="2023-01-07T20:06:59 IST" skipped="0">
  <testcase classname="TESTNGPARALLELTESTING.MULTIPLETESTCASES" name="Demo1" time="9.354"/>
  <system-out/>
  <testcase classname="TESTNGPARALLELTESTING.MULTIPLETESTCASES" name="Demo2" time="4.529"/>
  <system-out/>
</testsuite> <!-- TESTNGPARALLELTESTING.MULTIPLETESTCASES -->
