<?xml version="1.0" encoding="UTF-8"?>
<!-- Generated by org.testng.reporters.JUnitReportReporter -->
<testsuite hostname="DESKTOP-5347VP1" failures="0" tests="2" name="TESTCASES.TEST_CASES_USING_TESTNG" time="68.785" errors="0" timestamp="2023-01-02T15:25:30 IST" skipped="0">
  <testcase classname="TESTCASES.TEST_CASES_USING_TESTNG" name="demo1" time="57.656"/>
  <system-out/>
  <testcase classname="TESTCASES.TEST_CASES_USING_TESTNG" name="demo2" time="11.129"/>
  <system-out/>
</testsuite> <!-- TESTCASES.TEST_CASES_USING_TESTNG -->
