<?xml version="1.0" encoding="UTF-8"?>
<!-- Generated by org.testng.reporters.JUnitReportReporter -->
<testsuite hostname="DESKTOP-5347VP1" failures="0" tests="1" name="TESTNGASSERTION.ASSERTIONEXAMPLE1" time="10.221" errors="0" timestamp="2023-01-09T17:16:18 IST" skipped="0">
  <testcase classname="TESTNGASSERTION.ASSERTIONEXAMPLE1" name="OrangeHRM" time="10.221"/>
  <system-out/>
</testsuite> <!-- TESTNGASSERTION.ASSERTIONEXAMPLE1 -->
