<?xml version="1.0" encoding="UTF-8"?>
<!-- Generated by org.testng.reporters.JUnitReportReporter -->
<testsuite hostname="DESKTOP-5347VP1" failures="0" tests="6" name="TESTNG_KEYWORDS.KEYWORD3" time="214.286" errors="0" timestamp="2023-01-10T17:53:45 IST" skipped="0">
  <testcase classname="TESTNG_KEYWORDS.KEYWORD3" name="Logo1" time="22.420"/>
  <system-out/>
  <testcase classname="TESTNG_KEYWORDS.KEYWORD3" name="Test" time="83.901"/>
  <system-out/>
  <testcase classname="TESTNG_KEYWORDS.KEYWORD3" name="Users" time="38.769"/>
  <system-out/>
  <testcase classname="TESTNG_KEYWORDS.KEYWORD3" name="demo1" time="28.425"/>
  <system-out/>
  <testcase classname="TESTNG_KEYWORDS.KEYWORD3" name="Logo3" time="21.149"/>
  <system-out/>
  <testcase classname="TESTNG_KEYWORDS.KEYWORD3" name="Logo2" time="19.622"/>
  <system-out/>
</testsuite> <!-- TESTNG_KEYWORDS.KEYWORD3 -->
