<?xml version="1.0" encoding="UTF-8"?>
<!-- Generated by org.testng.reporters.JUnitReportReporter -->
<testsuite hostname="DESKTOP-5347VP1" failures="0" tests="3" name="TESTNG_KEYWORDS.ENABLED" time="12.502" errors="0" timestamp="2023-01-20T12:24:42 IST" skipped="2">
  <testcase classname="TESTNG_KEYWORDS.ENABLED" name="users" time="12.502"/>
  <system-out/>
  <testcase classname="TESTNG_KEYWORDS.ENABLED" name="Test">
    <skipped/>
  </testcase> <!-- Test -->
  <system-out/>
  <testcase classname="TESTNG_KEYWORDS.ENABLED" name="demo1">
    <skipped/>
  </testcase> <!-- demo1 -->
  <system-out/>
</testsuite> <!-- TESTNG_KEYWORDS.ENABLED -->
