<?xml version="1.0" encoding="UTF-8"?>
<!-- Generated by org.testng.reporters.JUnitReportReporter -->
<testsuite hostname="DESKTOP-5347VP1" failures="0" tests="3" name="TESTNG_KEYWORDS.KEYWORD2" time="13.386" errors="0" timestamp="2023-01-10T17:53:45 IST" skipped="2">
  <testcase classname="TESTNG_KEYWORDS.KEYWORD2" name="users" time="13.386"/>
  <system-out/>
  <testcase classname="TESTNG_KEYWORDS.KEYWORD2" name="demo1">
    <skipped/>
  </testcase> <!-- demo1 -->
  <system-out/>
  <testcase classname="TESTNG_KEYWORDS.KEYWORD2" name="Test">
    <skipped/>
  </testcase> <!-- Test -->
  <system-out/>
</testsuite> <!-- TESTNG_KEYWORDS.KEYWORD2 -->
