<?xml version="1.0" encoding="UTF-8"?>
<!-- Generated by org.testng.reporters.JUnitReportReporter -->
<testsuite hostname="DESKTOP-5347VP1" failures="0" tests="1" name="TESTNG_KEYWORDS.KEYWORD1" time="51.370" errors="0" timestamp="2023-01-10T22:27:55 IST" skipped="0">
  <testcase classname="TESTNG_KEYWORDS.KEYWORD1" name="Users" time="51.370"/>
  <system-out/>
</testsuite> <!-- TESTNG_KEYWORDS.KEYWORD1 -->
