<?xml version="1.0" encoding="UTF-8"?>
<!-- Generated by org.testng.reporters.JUnitReportReporter -->
<testsuite hostname="DESKTOP-5347VP1" failures="0" tests="6" name="TESTNG_KEYWORDS.KEYWORD6" time="240.889" errors="0" timestamp="2023-01-09T22:30:13 IST" skipped="2">
  <testcase classname="TESTNG_KEYWORDS.KEYWORD6" name="OrangeHRMTitle" time="80.472"/>
  <system-out/>
  <testcase classname="TESTNG_KEYWORDS.KEYWORD6" name="OrangeHRMloginlogo" time="24.900"/>
  <system-out/>
  <testcase classname="TESTNG_KEYWORDS.KEYWORD6" name="Test1" time="15.949"/>
  <system-out/>
  <testcase classname="TESTNG_KEYWORDS.KEYWORD6" name="OrangeHRMlogo" time="119.568"/>
  <system-out/>
  <testcase classname="TESTNG_KEYWORDS.KEYWORD6" name="Dashboard">
    <skipped/>
  </testcase> <!-- Dashboard -->
  <system-out/>
  <testcase classname="TESTNG_KEYWORDS.KEYWORD6" name="Dashboardtimeatwork">
    <skipped/>
  </testcase> <!-- Dashboardtimeatwork -->
  <system-out/>
</testsuite> <!-- TESTNG_KEYWORDS.KEYWORD6 -->
