<?xml version="1.0" encoding="UTF-8"?>
<!-- Generated by org.testng.reporters.JUnitReportReporter -->
<testsuite hostname="DESKTOP-5347VP1" failures="0" tests="11" name="TESTNG_KEYWORDS.INVOCATIONCOUNT" time="0.026" errors="0" timestamp="2023-04-30T18:55:25 IST" skipped="0">
  <testcase classname="TESTNG_KEYWORDS.INVOCATIONCOUNT" name="Demo" time="0.016"/>
  <system-out/>
  <testcase classname="TESTNG_KEYWORDS.INVOCATIONCOUNT" name="Demo" time="0.002"/>
  <system-out/>
  <testcase classname="TESTNG_KEYWORDS.INVOCATIONCOUNT" name="Demo" time="0.001"/>
  <system-out/>
  <testcase classname="TESTNG_KEYWORDS.INVOCATIONCOUNT" name="syso1" time="0.001"/>
  <system-out/>
  <testcase classname="TESTNG_KEYWORDS.INVOCATIONCOUNT" name="Demo" time="0.001"/>
  <system-out/>
  <testcase classname="TESTNG_KEYWORDS.INVOCATIONCOUNT" name="Demo" time="0.001"/>
  <system-out/>
  <testcase classname="TESTNG_KEYWORDS.INVOCATIONCOUNT" name="Demo" time="0.000"/>
  <system-out/>
  <testcase classname="TESTNG_KEYWORDS.INVOCATIONCOUNT" name="Demo" time="0.001"/>
  <system-out/>
  <testcase classname="TESTNG_KEYWORDS.INVOCATIONCOUNT" name="Demo" time="0.001"/>
  <system-out/>
  <testcase classname="TESTNG_KEYWORDS.INVOCATIONCOUNT" name="Demo" time="0.001"/>
  <system-out/>
  <testcase classname="TESTNG_KEYWORDS.INVOCATIONCOUNT" name="Demo" time="0.001"/>
  <system-out/>
</testsuite> <!-- TESTNG_KEYWORDS.INVOCATIONCOUNT -->
