<?xml version="1.0" encoding="UTF-8"?>
<!-- Generated by org.testng.reporters.JUnitReportReporter -->
<testsuite hostname="DESKTOP-5347VP1" failures="0" tests="1" name="TESTNGASSERTION.ASSERTIONEXAMPLE" time="33.924" errors="0" timestamp="2023-01-05T15:06:16 IST" skipped="0">
  <testcase classname="TESTNGASSERTION.ASSERTIONEXAMPLE" name="OrangeHRM" time="33.924"/>
  <system-out/>
</testsuite> <!-- TESTNGASSERTION.ASSERTIONEXAMPLE -->
