<?xml version="1.0" encoding="UTF-8"?>
<!-- Generated by org.testng.reporters.JUnitReportReporter -->
<testsuite hostname="Ranjeet-MacBook-Pro.local" failures="0" tests="1" name="Com.Ecommerce.TestCases.TC_LoginTestcase" time="14.475" errors="0" timestamp="2023-01-16T08:37:39 IST" skipped="0">
  <testcase classname="Com.Ecommerce.TestCases.TC_LoginTestcase" name="LoginTestCase" time="14.475"/>
  <system-out/>
</testsuite> <!-- Com.Ecommerce.TestCases.TC_LoginTestcase -->
