<?xml version="1.0" encoding="UTF-8"?>
<!-- Generated by org.testng.reporters.JUnitReportReporter -->
<testsuite hostname="DESKTOP-5347VP1" failures="0" tests="1" name="Com.Ecommerce.Testcases.TC_Ecommerce_Logintestcase" time="29.990" errors="0" timestamp="2023-01-17T22:37:01 IST" skipped="0">
  <testcase classname="Com.Ecommerce.Testcases.TC_Ecommerce_Logintestcase" name="LoginTestCase" time="29.990"/>
  <system-out/>
</testsuite> <!-- Com.Ecommerce.Testcases.TC_Ecommerce_Logintestcase -->
